2023-09-01 02:58:00,043 [Worker-0: Loading available Gradle versions] INFO  o.e.b.c.i.u.g.PublishedGradleVersions - Gradle version information cache is out-of-date. Trying to update.
2023-09-01 02:58:40,149 [Worker-7: Configuring project CucumberFreamwork] ERROR o.e.m.j.i.l.MavenLaunchConfigurationListener - Launch configuration TestNGTestRunner references non-existing project CucumberFramework.
org.eclipse.core.runtime.CoreException: Launch configuration TestNGTestRunner references non-existing project CucumberFramework.
	at org.eclipse.jdt.launching.JavaRuntime.abort(JavaRuntime.java:1856)
	at org.eclipse.jdt.launching.JavaRuntime.getJavaProject(JavaRuntime.java:1733)
	at org.eclipse.m2e.jdt.internal.launch.MavenLaunchConfigurationListener.updateLaunchConfiguration(MavenLaunchConfigurationListener.java:64)
	at org.eclipse.m2e.jdt.internal.launch.MavenLaunchConfigurationListener.launchConfigurationAdded(MavenLaunchConfigurationListener.java:45)
	at org.eclipse.debug.internal.core.LaunchManager$ConfigurationNotifier.run(LaunchManager.java:219)
	at org.eclipse.core.runtime.SafeRunner.run(SafeRunner.java:45)
	at org.eclipse.debug.internal.core.LaunchManager$ConfigurationNotifier.notify(LaunchManager.java:209)
	at org.eclipse.debug.internal.core.LaunchManager.launchConfigurationAdded(LaunchManager.java:2120)
	at org.eclipse.debug.internal.core.LaunchManager$LaunchManagerVisitor.visit(LaunchManager.java:370)
	at org.eclipse.core.internal.events.ResourceDelta.accept(ResourceDelta.java:67)
	at org.eclipse.core.internal.events.ResourceDelta.accept(ResourceDelta.java:77)
	at org.eclipse.core.internal.events.ResourceDelta.accept(ResourceDelta.java:77)
	at org.eclipse.core.internal.events.ResourceDelta.accept(ResourceDelta.java:77)
	at org.eclipse.core.internal.events.ResourceDelta.accept(ResourceDelta.java:77)
	at org.eclipse.core.internal.events.ResourceDelta.accept(ResourceDelta.java:77)
	at org.eclipse.core.internal.events.ResourceDelta.accept(ResourceDelta.java:77)
	at org.eclipse.core.internal.events.ResourceDelta.accept(ResourceDelta.java:77)
	at org.eclipse.core.internal.events.ResourceDelta.accept(ResourceDelta.java:77)
	at org.eclipse.core.internal.events.ResourceDelta.accept(ResourceDelta.java:77)
	at org.eclipse.core.internal.events.ResourceDelta.accept(ResourceDelta.java:77)
	at org.eclipse.core.internal.events.ResourceDelta.accept(ResourceDelta.java:51)
	at org.eclipse.debug.internal.core.LaunchManager.resourceChanged(LaunchManager.java:2272)
	at org.eclipse.core.internal.events.NotificationManager$1.run(NotificationManager.java:307)
	at org.eclipse.core.runtime.SafeRunner.run(SafeRunner.java:45)
	at org.eclipse.core.internal.events.NotificationManager.notify(NotificationManager.java:297)
	at org.eclipse.core.internal.events.NotificationManager.broadcastChanges(NotificationManager.java:160)
	at org.eclipse.core.internal.resources.Workspace.broadcastPostChange(Workspace.java:388)
	at org.eclipse.core.internal.resources.Workspace.endOperation(Workspace.java:1516)
	at org.eclipse.core.internal.resources.Resource.refreshLocal(Resource.java:1579)
	at org.eclipse.ui.internal.wizards.datatransfer.SmartImportJob.importProjectAndChildrenRecursively(SmartImportJob.java:457)
	at org.eclipse.ui.internal.wizards.datatransfer.SmartImportJob$1.run(SmartImportJob.java:229)
	at org.eclipse.core.internal.jobs.Worker.run(Worker.java:63)
2023-09-01 02:58:44,476 [Worker-10: Updating Maven Dependencies] INFO  o.e.m.c.i.l.LifecycleMappingFactory - Using org.eclipse.m2e.jdt.JarLifecycleMapping lifecycle mapping for MavenProject: AutomationFreamwork:cucumberFreamwork:0.0.1-SNAPSHOT @ C:\Users\SAMSUNG\GIT_work\pom.xml.
2023-09-01 02:58:46,177 [Worker-8: Building] INFO  o.e.m.c.i.l.LifecycleMappingFactory - Using org.eclipse.m2e.jdt.JarLifecycleMapping lifecycle mapping for MavenProject: AutomationFreamwork:cucumberFreamwork:0.0.1-SNAPSHOT @ C:\Users\SAMSUNG\GIT_work\pom.xml.
2023-09-01 02:58:56,811 [Worker-8: Building] INFO  o.a.m.s.f.DefaultMavenResourcesFiltering - skip non existing resourceDirectory C:\Users\SAMSUNG\GIT_work\src\main\resources
2023-09-01 02:58:56,827 [Worker-8: Building] INFO  o.a.m.s.f.DefaultMavenResourcesFiltering - Copying 3 resources
2023-09-01 02:58:59,156 [Worker-14: Building] INFO  o.e.m.c.i.l.LifecycleMappingFactory - Using org.eclipse.m2e.jdt.JarLifecycleMapping lifecycle mapping for MavenProject: aaa:sss:0.0.1-SNAPSHOT @ C:\Users\SAMSUNG\GIT_work\src\test\java\AutomationLab\sss\pom.xml.
2023-09-01 02:58:59,249 [Worker-14: Building] WARN  o.a.m.s.f.DefaultMavenResourcesFiltering - Using platform encoding (Cp1252 actually) to copy filtered resources, i.e. build is platform dependent!
2023-09-01 02:58:59,254 [Worker-14: Building] INFO  o.a.m.s.f.DefaultMavenResourcesFiltering - Copying 0 resource
2023-09-01 02:58:59,258 [Worker-14: Building] WARN  o.a.m.s.f.DefaultMavenResourcesFiltering - Using platform encoding (Cp1252 actually) to copy filtered resources, i.e. build is platform dependent!
2023-09-01 02:58:59,276 [Worker-14: Building] INFO  o.a.m.s.f.DefaultMavenResourcesFiltering - Copying 0 resource
2023-09-01 02:59:00,895 [Worker-13: Building] INFO  o.a.m.s.f.DefaultMavenResourcesFiltering - skip non existing resourceDirectory C:\Users\SAMSUNG\GIT_work\src\main\resources
2023-09-01 02:59:00,908 [Worker-13: Building] INFO  o.a.m.s.f.DefaultMavenResourcesFiltering - Copying 3 resources
2023-09-01 02:59:01,026 [Worker-12: Updating Maven Dependencies] INFO  o.e.m.c.i.l.LifecycleMappingFactory - Using org.eclipse.m2e.jdt.JarLifecycleMapping lifecycle mapping for MavenProject: AutomationFreamwork:cucumberFreamwork:0.0.1-SNAPSHOT @ C:\Users\SAMSUNG\GIT_work\pom.xml.
2023-09-01 03:32:23,028 [Worker-18: Building] INFO  o.a.m.s.f.DefaultMavenResourcesFiltering - skip non existing resourceDirectory C:\Users\SAMSUNG\GIT_work\src\main\resources
2023-09-01 03:32:23,043 [Worker-18: Building] INFO  o.a.m.s.f.DefaultMavenResourcesFiltering - Copying 3 resources
2023-09-01 03:34:31,977 [Worker-1: Building] INFO  o.a.m.s.f.DefaultMavenResourcesFiltering - skip non existing resourceDirectory C:\Users\SAMSUNG\GIT_work\src\main\resources
2023-09-01 03:34:31,984 [Worker-1: Building] INFO  o.a.m.s.f.DefaultMavenResourcesFiltering - Copying 3 resources
2023-09-01 03:39:40,954 [Worker-21: Building] INFO  o.a.m.s.f.DefaultMavenResourcesFiltering - skip non existing resourceDirectory C:\Users\SAMSUNG\GIT_work\src\main\resources
2023-09-01 03:39:40,967 [Worker-21: Building] INFO  o.a.m.s.f.DefaultMavenResourcesFiltering - Copying 3 resources
2023-09-01 03:42:23,450 [Worker-23: Building] INFO  o.a.m.s.f.DefaultMavenResourcesFiltering - skip non existing resourceDirectory C:\Users\SAMSUNG\GIT_work\src\main\resources
2023-09-01 03:42:23,465 [Worker-23: Building] INFO  o.a.m.s.f.DefaultMavenResourcesFiltering - Copying 3 resources
2023-09-01 03:42:50,766 [Worker-18: Building] INFO  o.a.m.s.f.DefaultMavenResourcesFiltering - skip non existing resourceDirectory C:\Users\SAMSUNG\GIT_work\src\main\resources
2023-09-01 03:42:50,779 [Worker-18: Building] INFO  o.a.m.s.f.DefaultMavenResourcesFiltering - Copying 3 resources
2023-09-01 03:51:50,034 [Worker-18: Building] INFO  o.a.m.s.f.DefaultMavenResourcesFiltering - skip non existing resourceDirectory C:\Users\SAMSUNG\GIT_work\src\main\resources
2023-09-01 03:51:50,046 [Worker-18: Building] INFO  o.a.m.s.f.DefaultMavenResourcesFiltering - Copying 3 resources
